DEBUG - 2026-05-01 07:54:51 --> Session: Class initialized using 'CodeIgniter\Session\Handlers\FileHandler' driver.
DEBUG - 2026-05-01 07:54:51 --> Session: Class initialized using 'CodeIgniter\Session\Handlers\FileHandler' driver.
CRITICAL - 2026-05-01 08:13:28 --> CodeIgniter\View\Exceptions\ViewException: Invalid file: "umkm/index.php"
[Method: GET, Route: umkm]
in SYSTEMPATH\Exceptions\FrameworkException.php on line 39.
 1 SYSTEMPATH\View\View.php(228): CodeIgniter\Exceptions\FrameworkException::forInvalidFile('umkm/index.php')
 2 SYSTEMPATH\Common.php(1250): CodeIgniter\View\View->render('umkm/index', [], true)
 3 APPPATH\Controllers\umkm.php(12): view('umkm/index', [...])
 4 SYSTEMPATH\CodeIgniter.php(951): App\Controllers\Umkm->index()
 5 SYSTEMPATH\CodeIgniter.php(497): CodeIgniter\CodeIgniter->runController(Object(App\Controllers\Umkm))
 6 SYSTEMPATH\CodeIgniter.php(340): CodeIgniter\CodeIgniter->handleRequest(null, Object(Config\Cache), false)
 7 SYSTEMPATH\Boot.php(417): CodeIgniter\CodeIgniter->run()
 8 SYSTEMPATH\Boot.php(68): CodeIgniter\Boot::runCodeIgniter(Object(CodeIgniter\CodeIgniter))
 9 FCPATH\index.php(59): CodeIgniter\Boot::bootWeb(Object(Config\Paths))
10 SYSTEMPATH\rewrite.php(44): require_once('C:\\xampp\\htdocs\\Karang_Taruna\\public\\index.php')
CRITICAL - 2026-05-01 08:13:31 --> CodeIgniter\View\Exceptions\ViewException: Invalid file: "umkm/index.php"
[Method: GET, Route: umkm]
in SYSTEMPATH\Exceptions\FrameworkException.php on line 39.
 1 SYSTEMPATH\View\View.php(228): CodeIgniter\Exceptions\FrameworkException::forInvalidFile('umkm/index.php')
 2 SYSTEMPATH\Common.php(1250): CodeIgniter\View\View->render('umkm/index', [], true)
 3 APPPATH\Controllers\umkm.php(12): view('umkm/index', [...])
 4 SYSTEMPATH\CodeIgniter.php(951): App\Controllers\Umkm->index()
 5 SYSTEMPATH\CodeIgniter.php(497): CodeIgniter\CodeIgniter->runController(Object(App\Controllers\Umkm))
 6 SYSTEMPATH\CodeIgniter.php(340): CodeIgniter\CodeIgniter->handleRequest(null, Object(Config\Cache), false)
 7 SYSTEMPATH\Boot.php(417): CodeIgniter\CodeIgniter->run()
 8 SYSTEMPATH\Boot.php(68): CodeIgniter\Boot::runCodeIgniter(Object(CodeIgniter\CodeIgniter))
 9 FCPATH\index.php(59): CodeIgniter\Boot::bootWeb(Object(Config\Paths))
10 SYSTEMPATH\rewrite.php(44): require_once('C:\\xampp\\htdocs\\Karang_Taruna\\public\\index.php')
CRITICAL - 2026-05-01 08:15:35 --> CodeIgniter\View\Exceptions\ViewException: Invalid file: "umkm/index.php"
[Method: GET, Route: umkm]
in SYSTEMPATH\Exceptions\FrameworkException.php on line 39.
 1 SYSTEMPATH\View\View.php(228): CodeIgniter\Exceptions\FrameworkException::forInvalidFile('umkm/index.php')
 2 SYSTEMPATH\Common.php(1250): CodeIgniter\View\View->render('umkm/index', [], true)
 3 APPPATH\Controllers\umkm.php(12): view('umkm/index', [...])
 4 SYSTEMPATH\CodeIgniter.php(951): App\Controllers\Umkm->index()
 5 SYSTEMPATH\CodeIgniter.php(497): CodeIgniter\CodeIgniter->runController(Object(App\Controllers\Umkm))
 6 SYSTEMPATH\CodeIgniter.php(340): CodeIgniter\CodeIgniter->handleRequest(null, Object(Config\Cache), false)
 7 SYSTEMPATH\Boot.php(417): CodeIgniter\CodeIgniter->run()
 8 SYSTEMPATH\Boot.php(68): CodeIgniter\Boot::runCodeIgniter(Object(CodeIgniter\CodeIgniter))
 9 FCPATH\index.php(59): CodeIgniter\Boot::bootWeb(Object(Config\Paths))
10 SYSTEMPATH\rewrite.php(44): require_once('C:\\xampp\\htdocs\\Karang_Taruna\\public\\index.php')
CRITICAL - 2026-05-01 08:15:37 --> CodeIgniter\View\Exceptions\ViewException: Invalid file: "umkm/index.php"
[Method: GET, Route: umkm]
in SYSTEMPATH\Exceptions\FrameworkException.php on line 39.
 1 SYSTEMPATH\View\View.php(228): CodeIgniter\Exceptions\FrameworkException::forInvalidFile('umkm/index.php')
 2 SYSTEMPATH\Common.php(1250): CodeIgniter\View\View->render('umkm/index', [], true)
 3 APPPATH\Controllers\umkm.php(12): view('umkm/index', [...])
 4 SYSTEMPATH\CodeIgniter.php(951): App\Controllers\Umkm->index()
 5 SYSTEMPATH\CodeIgniter.php(497): CodeIgniter\CodeIgniter->runController(Object(App\Controllers\Umkm))
 6 SYSTEMPATH\CodeIgniter.php(340): CodeIgniter\CodeIgniter->handleRequest(null, Object(Config\Cache), false)
 7 SYSTEMPATH\Boot.php(417): CodeIgniter\CodeIgniter->run()
 8 SYSTEMPATH\Boot.php(68): CodeIgniter\Boot::runCodeIgniter(Object(CodeIgniter\CodeIgniter))
 9 FCPATH\index.php(59): CodeIgniter\Boot::bootWeb(Object(Config\Paths))
10 SYSTEMPATH\rewrite.php(44): require_once('C:\\xampp\\htdocs\\Karang_Taruna\\public\\index.php')
CRITICAL - 2026-05-01 08:15:39 --> CodeIgniter\View\Exceptions\ViewException: Invalid file: "umkm/index.php"
[Method: GET, Route: umkm]
in SYSTEMPATH\Exceptions\FrameworkException.php on line 39.
 1 SYSTEMPATH\View\View.php(228): CodeIgniter\Exceptions\FrameworkException::forInvalidFile('umkm/index.php')
 2 SYSTEMPATH\Common.php(1250): CodeIgniter\View\View->render('umkm/index', [], true)
 3 APPPATH\Controllers\umkm.php(12): view('umkm/index', [...])
 4 SYSTEMPATH\CodeIgniter.php(951): App\Controllers\Umkm->index()
 5 SYSTEMPATH\CodeIgniter.php(497): CodeIgniter\CodeIgniter->runController(Object(App\Controllers\Umkm))
 6 SYSTEMPATH\CodeIgniter.php(340): CodeIgniter\CodeIgniter->handleRequest(null, Object(Config\Cache), false)
 7 SYSTEMPATH\Boot.php(417): CodeIgniter\CodeIgniter->run()
 8 SYSTEMPATH\Boot.php(68): CodeIgniter\Boot::runCodeIgniter(Object(CodeIgniter\CodeIgniter))
 9 FCPATH\index.php(59): CodeIgniter\Boot::bootWeb(Object(Config\Paths))
10 SYSTEMPATH\rewrite.php(44): require_once('C:\\xampp\\htdocs\\Karang_Taruna\\public\\index.php')
CRITICAL - 2026-05-01 08:15:45 --> CodeIgniter\View\Exceptions\ViewException: Invalid file: "umkm/index.php"
[Method: GET, Route: umkm]
in SYSTEMPATH\Exceptions\FrameworkException.php on line 39.
 1 SYSTEMPATH\View\View.php(228): CodeIgniter\Exceptions\FrameworkException::forInvalidFile('umkm/index.php')
 2 SYSTEMPATH\Common.php(1250): CodeIgniter\View\View->render('umkm/index', [], true)
 3 APPPATH\Controllers\umkm.php(12): view('umkm/index', [...])
 4 SYSTEMPATH\CodeIgniter.php(951): App\Controllers\Umkm->index()
 5 SYSTEMPATH\CodeIgniter.php(497): CodeIgniter\CodeIgniter->runController(Object(App\Controllers\Umkm))
 6 SYSTEMPATH\CodeIgniter.php(340): CodeIgniter\CodeIgniter->handleRequest(null, Object(Config\Cache), false)
 7 SYSTEMPATH\Boot.php(417): CodeIgniter\CodeIgniter->run()
 8 SYSTEMPATH\Boot.php(68): CodeIgniter\Boot::runCodeIgniter(Object(CodeIgniter\CodeIgniter))
 9 FCPATH\index.php(59): CodeIgniter\Boot::bootWeb(Object(Config\Paths))
10 SYSTEMPATH\rewrite.php(44): require_once('C:\\xampp\\htdocs\\Karang_Taruna\\public\\index.php')
WARNING - 2026-05-01 08:22:24 --> [DEPRECATED] addslashes(): Passing null to parameter #1 ($string) of type string is deprecated in APPPATH\Views\umkm\index.php on line 27.
 1 APPPATH\Views\umkm\index.php(27): addslashes(null)
 2 SYSTEMPATH\View\View.php(240): include('C:\\xampp\\htdocs\\Karang_Taruna\\app\\Views\\umkm\\index.php')
 3 SYSTEMPATH\View\View.php(243): CodeIgniter\View\View->CodeIgniter\View\{closure}()
 4 SYSTEMPATH\Common.php(1250): CodeIgniter\View\View->render('umkm/index', [], true)
 5 APPPATH\Controllers\umkm.php(12): view('umkm/index', [...])
 6 SYSTEMPATH\CodeIgniter.php(951): App\Controllers\Umkm->index()
 7 SYSTEMPATH\CodeIgniter.php(497): CodeIgniter\CodeIgniter->runController(Object(App\Controllers\Umkm))
 8 SYSTEMPATH\CodeIgniter.php(340): CodeIgniter\CodeIgniter->handleRequest(null, Object(Config\Cache), false)
 9 SYSTEMPATH\Boot.php(417): CodeIgniter\CodeIgniter->run()
10 SYSTEMPATH\Boot.php(68): CodeIgniter\Boot::runCodeIgniter(Object(CodeIgniter\CodeIgniter))
11 FCPATH\index.php(59): CodeIgniter\Boot::bootWeb(Object(Config\Paths))
12 SYSTEMPATH\rewrite.php(44): require_once('C:\\xampp\\htdocs\\Karang_Taruna\\public\\index.php')
WARNING - 2026-05-01 08:22:24 --> [DEPRECATED] addslashes(): Passing null to parameter #1 ($string) of type string is deprecated in APPPATH\Views\umkm\index.php on line 27.
 1 APPPATH\Views\umkm\index.php(27): addslashes(null)
 2 SYSTEMPATH\View\View.php(240): include('C:\\xampp\\htdocs\\Karang_Taruna\\app\\Views\\umkm\\index.php')
 3 SYSTEMPATH\View\View.php(243): CodeIgniter\View\View->CodeIgniter\View\{closure}()
 4 SYSTEMPATH\Common.php(1250): CodeIgniter\View\View->render('umkm/index', [], true)
 5 APPPATH\Controllers\umkm.php(12): view('umkm/index', [...])
 6 SYSTEMPATH\CodeIgniter.php(951): App\Controllers\Umkm->index()
 7 SYSTEMPATH\CodeIgniter.php(497): CodeIgniter\CodeIgniter->runController(Object(App\Controllers\Umkm))
 8 SYSTEMPATH\CodeIgniter.php(340): CodeIgniter\CodeIgniter->handleRequest(null, Object(Config\Cache), false)
 9 SYSTEMPATH\Boot.php(417): CodeIgniter\CodeIgniter->run()
10 SYSTEMPATH\Boot.php(68): CodeIgniter\Boot::runCodeIgniter(Object(CodeIgniter\CodeIgniter))
11 FCPATH\index.php(59): CodeIgniter\Boot::bootWeb(Object(Config\Paths))
12 SYSTEMPATH\rewrite.php(44): require_once('C:\\xampp\\htdocs\\Karang_Taruna\\public\\index.php')
WARNING - 2026-05-01 08:22:33 --> [DEPRECATED] addslashes(): Passing null to parameter #1 ($string) of type string is deprecated in APPPATH\Views\umkm\index.php on line 27.
 1 APPPATH\Views\umkm\index.php(27): addslashes(null)
 2 SYSTEMPATH\View\View.php(240): include('C:\\xampp\\htdocs\\Karang_Taruna\\app\\Views\\umkm\\index.php')
 3 SYSTEMPATH\View\View.php(243): CodeIgniter\View\View->CodeIgniter\View\{closure}()
 4 SYSTEMPATH\Common.php(1250): CodeIgniter\View\View->render('umkm/index', [], true)
 5 APPPATH\Controllers\umkm.php(12): view('umkm/index', [...])
 6 SYSTEMPATH\CodeIgniter.php(951): App\Controllers\Umkm->index()
 7 SYSTEMPATH\CodeIgniter.php(497): CodeIgniter\CodeIgniter->runController(Object(App\Controllers\Umkm))
 8 SYSTEMPATH\CodeIgniter.php(340): CodeIgniter\CodeIgniter->handleRequest(null, Object(Config\Cache), false)
 9 SYSTEMPATH\Boot.php(417): CodeIgniter\CodeIgniter->run()
10 SYSTEMPATH\Boot.php(68): CodeIgniter\Boot::runCodeIgniter(Object(CodeIgniter\CodeIgniter))
11 FCPATH\index.php(59): CodeIgniter\Boot::bootWeb(Object(Config\Paths))
12 SYSTEMPATH\rewrite.php(44): require_once('C:\\xampp\\htdocs\\Karang_Taruna\\public\\index.php')
WARNING - 2026-05-01 08:22:33 --> [DEPRECATED] addslashes(): Passing null to parameter #1 ($string) of type string is deprecated in APPPATH\Views\umkm\index.php on line 27.
 1 APPPATH\Views\umkm\index.php(27): addslashes(null)
 2 SYSTEMPATH\View\View.php(240): include('C:\\xampp\\htdocs\\Karang_Taruna\\app\\Views\\umkm\\index.php')
 3 SYSTEMPATH\View\View.php(243): CodeIgniter\View\View->CodeIgniter\View\{closure}()
 4 SYSTEMPATH\Common.php(1250): CodeIgniter\View\View->render('umkm/index', [], true)
 5 APPPATH\Controllers\umkm.php(12): view('umkm/index', [...])
 6 SYSTEMPATH\CodeIgniter.php(951): App\Controllers\Umkm->index()
 7 SYSTEMPATH\CodeIgniter.php(497): CodeIgniter\CodeIgniter->runController(Object(App\Controllers\Umkm))
 8 SYSTEMPATH\CodeIgniter.php(340): CodeIgniter\CodeIgniter->handleRequest(null, Object(Config\Cache), false)
 9 SYSTEMPATH\Boot.php(417): CodeIgniter\CodeIgniter->run()
10 SYSTEMPATH\Boot.php(68): CodeIgniter\Boot::runCodeIgniter(Object(CodeIgniter\CodeIgniter))
11 FCPATH\index.php(59): CodeIgniter\Boot::bootWeb(Object(Config\Paths))
12 SYSTEMPATH\rewrite.php(44): require_once('C:\\xampp\\htdocs\\Karang_Taruna\\public\\index.php')
WARNING - 2026-05-01 08:23:52 --> [DEPRECATED] addslashes(): Passing null to parameter #1 ($string) of type string is deprecated in APPPATH\Views\umkm\index.php on line 27.
 1 APPPATH\Views\umkm\index.php(27): addslashes(null)
 2 SYSTEMPATH\View\View.php(240): include('C:\\xampp\\htdocs\\Karang_Taruna\\app\\Views\\umkm\\index.php')
 3 SYSTEMPATH\View\View.php(243): CodeIgniter\View\View->CodeIgniter\View\{closure}()
 4 SYSTEMPATH\Common.php(1250): CodeIgniter\View\View->render('umkm/index', [], true)
 5 APPPATH\Controllers\umkm.php(12): view('umkm/index', [...])
 6 SYSTEMPATH\CodeIgniter.php(951): App\Controllers\Umkm->index()
 7 SYSTEMPATH\CodeIgniter.php(497): CodeIgniter\CodeIgniter->runController(Object(App\Controllers\Umkm))
 8 SYSTEMPATH\CodeIgniter.php(340): CodeIgniter\CodeIgniter->handleRequest(null, Object(Config\Cache), false)
 9 SYSTEMPATH\Boot.php(417): CodeIgniter\CodeIgniter->run()
10 SYSTEMPATH\Boot.php(68): CodeIgniter\Boot::runCodeIgniter(Object(CodeIgniter\CodeIgniter))
11 FCPATH\index.php(59): CodeIgniter\Boot::bootWeb(Object(Config\Paths))
12 SYSTEMPATH\rewrite.php(44): require_once('C:\\xampp\\htdocs\\Karang_Taruna\\public\\index.php')
WARNING - 2026-05-01 08:24:14 --> [DEPRECATED] addslashes(): Passing null to parameter #1 ($string) of type string is deprecated in APPPATH\Views\umkm\index.php on line 27.
 1 APPPATH\Views\umkm\index.php(27): addslashes(null)
 2 SYSTEMPATH\View\View.php(240): include('C:\\xampp\\htdocs\\Karang_Taruna\\app\\Views\\umkm\\index.php')
 3 SYSTEMPATH\View\View.php(243): CodeIgniter\View\View->CodeIgniter\View\{closure}()
 4 SYSTEMPATH\Common.php(1250): CodeIgniter\View\View->render('umkm/index', [], true)
 5 APPPATH\Controllers\umkm.php(12): view('umkm/index', [...])
 6 SYSTEMPATH\CodeIgniter.php(951): App\Controllers\Umkm->index()
 7 SYSTEMPATH\CodeIgniter.php(497): CodeIgniter\CodeIgniter->runController(Object(App\Controllers\Umkm))
 8 SYSTEMPATH\CodeIgniter.php(340): CodeIgniter\CodeIgniter->handleRequest(null, Object(Config\Cache), false)
 9 SYSTEMPATH\Boot.php(417): CodeIgniter\CodeIgniter->run()
10 SYSTEMPATH\Boot.php(68): CodeIgniter\Boot::runCodeIgniter(Object(CodeIgniter\CodeIgniter))
11 FCPATH\index.php(59): CodeIgniter\Boot::bootWeb(Object(Config\Paths))
12 SYSTEMPATH\rewrite.php(44): require_once('C:\\xampp\\htdocs\\Karang_Taruna\\public\\index.php')
